android/build_alt/capacitor-community-background-geolocation/intermediates/manifest_merge_blame_file/debug/processDebugManifest/manifest-merger-blame-debug-report.txt
1<?xml version="1.0" encoding="utf-8"?>
2<manifest xmlns:android="http://schemas.android.com/apk/res/android"
3    package="com.equimaps.capacitor_background_geolocation" >
4
5    <uses-sdk android:minSdkVersion="24" />
6
7    <uses-permission android:name="android.permission.ACCESS_COARSE_LOCATION" />
7-->src\main\AndroidManifest.xml:10:5-81
7-->src\main\AndroidManifest.xml:10:22-78
8    <uses-permission android:name="android.permission.ACCESS_FINE_LOCATION" />
8-->src\main\AndroidManifest.xml:11:5-79
8-->src\main\AndroidManifest.xml:11:22-76
9    <uses-permission android:name="android.permission.FOREGROUND_SERVICE" />
9-->src\main\AndroidManifest.xml:12:5-77
9-->src\main\AndroidManifest.xml:12:22-74
10    <!--
11    Android SDK 34+ additionally requires the FOREGROUND_SERVICE_LOCATION
12    runtime permission to start a foreground service of type "location".
13    -->
14    <uses-permission android:name="android.permission.FOREGROUND_SERVICE_LOCATION" />
14-->src\main\AndroidManifest.xml:15:5-86
14-->src\main\AndroidManifest.xml:15:22-83
15    <!--
16    Android SDK 33+ requires the POST_NOTIFICATIONS runtime permission to
17    display the foreground service notification.
18    -->
19    <uses-permission android:name="android.permission.POST_NOTIFICATIONS" />
19-->src\main\AndroidManifest.xml:18:5-77
19-->src\main\AndroidManifest.xml:18:22-74
20
21    <uses-feature android:name="android.hardware.location.gps" />
21-->src\main\AndroidManifest.xml:19:5-66
21-->src\main\AndroidManifest.xml:19:19-63
22
23    <application>
23-->src\main\AndroidManifest.xml:2:5-8:19
24        <service
24-->src\main\AndroidManifest.xml:3:9-7:56
25            android:name="com.equimaps.capacitor_background_geolocation.BackgroundGeolocationService"
25-->src\main\AndroidManifest.xml:4:13-102
26            android:enabled="true"
26-->src\main\AndroidManifest.xml:5:13-35
27            android:exported="true"
27-->src\main\AndroidManifest.xml:6:13-36
28            android:foregroundServiceType="location" />
28-->src\main\AndroidManifest.xml:7:13-53
29    </application>
30
31</manifest>